<?xml version="1.0" encoding="UTF-8"?>
<!-- Generated by org.testng.reporters.JUnitReportReporter -->
<testsuite hostname="LAPTOP-HO82ILSL" failures="0" tests="4" name="API.Class_1" time="2.751" errors="0" timestamp="2023-01-02T15:16:34 IST" skipped="3">
  <testcase classname="API.Class_1" name="testcase5" time="2.751"/>
  <system-out/>
  <testcase classname="API.Class_1" name="testcase4">
    <skipped/>
  </testcase> <!-- testcase4 -->
  <system-out/>
  <testcase classname="API.Class_1" name="testcase2">
    <skipped/>
  </testcase> <!-- testcase2 -->
  <system-out/>
  <testcase classname="API.Class_1" name="testcase3">
    <skipped/>
  </testcase> <!-- testcase3 -->
  <system-out/>
</testsuite> <!-- API.Class_1 -->
