<?xml version="1.0" encoding="UTF-8"?>
<!-- Generated by org.testng.reporters.JUnitReportReporter -->
<testsuite hostname="LAPTOP-HO82ILSL" failures="0" tests="6" name="API.grocerystore" time="10.256" errors="0" timestamp="2023-02-16T12:43:29 IST" skipped="1">
  <testcase classname="API.grocerystore" name="getallproduct" time="1.578"/>
  <system-out/>
  <testcase classname="API.grocerystore" name="createnewcart" time="1.933"/>
  <system-out/>
  <testcase classname="API.grocerystore" name="getsingleproduct" time="1.534"/>
  <system-out/>
  <testcase classname="API.grocerystore" name="getcart" time="1.635"/>
  <system-out/>
  <testcase classname="API.grocerystore" name="apistatus" time="3.576"/>
  <system-out/>
  <testcase classname="API.grocerystore" name="additemtocart">
    <skipped/>
  </testcase> <!-- additemtocart -->
  <system-out/>
</testsuite> <!-- API.grocerystore -->
