<?xml version="1.0" encoding="UTF-8"?>
<!-- Generated by org.testng.reporters.JUnitReportReporter -->
<testsuite hostname="LAPTOP-HO82ILSL" failures="0" tests="13" name="API.reqres2" time="11.739" errors="0" timestamp="2023-01-16T12:04:51 IST" skipped="0">
  <testcase classname="API.reqres2" name="Create_Boards" time="2.587"/>
  <system-out/>
  <testcase classname="API.reqres2" name="Create_Boards2" time="0.833"/>
  <system-out/>
  <testcase classname="API.reqres2" name="get3" time="0.215"/>
  <system-out/>
  <testcase classname="API.reqres2" name="get5" time="0.547"/>
  <system-out/>
  <testcase classname="API.reqres2" name="Delete_Boards" time="0.551"/>
  <system-out/>
  <testcase classname="API.reqres2" name="get6" time="3.536"/>
  <system-out/>
  <testcase classname="API.reqres2" name="Create_Boards3" time="0.631"/>
  <system-out/>
  <testcase classname="API.reqres2" name="Create_Boards1" time="0.670"/>
  <system-out/>
  <testcase classname="API.reqres2" name="get" time="0.239"/>
  <system-out/>
  <testcase classname="API.reqres2" name="get1" time="0.573"/>
  <system-out/>
  <testcase classname="API.reqres2" name="get4" time="0.220"/>
  <system-out/>
  <testcase classname="API.reqres2" name="get2" time="0.581"/>
  <system-out/>
  <testcase classname="API.reqres2" name="Create_Boards4" time="0.556"/>
  <system-out/>
</testsuite> <!-- API.reqres2 -->
