<?xml version="1.0" encoding="UTF-8"?>
<!-- Generated by org.testng.reporters.JUnitReportReporter -->
<testsuite hostname="LAPTOP-HO82ILSL" failures="0" tests="4" name="API.class_2trello" time="6.424" errors="0" timestamp="2023-01-03T14:04:28 IST" skipped="0">
  <testcase classname="API.class_2trello" name="Get_Boards" time="0.991"/>
  <system-out/>
  <testcase classname="API.class_2trello" name="Create_Boards1" time="1.719"/>
  <system-out/>
  <testcase classname="API.class_2trello" name="Create_Boards" time="3.056"/>
  <system-out/>
  <testcase classname="API.class_2trello" name="Delete_Boards" time="0.658"/>
  <system-out/>
</testsuite> <!-- API.class_2trello -->
