<?xml version="1.0" encoding="UTF-8"?>
<!-- Generated by org.testng.reporters.JUnitReportReporter -->
<testsuite hostname="LAPTOP-HO82ILSL" failures="0" tests="4" name="API.class_03" time="6.523" errors="0" timestamp="2023-01-04T09:56:05 IST" skipped="1">
  <testcase classname="API.class_03" name="Delete_Boards" time="2.242"/>
  <system-out/>
  <testcase classname="API.class_03" name="Update_Boards" time="0.769"/>
  <system-out/>
  <testcase classname="API.class_03" name="Create_Boards" time="3.512"/>
  <system-out/>
  <testcase classname="API.class_03" name="Get_Boards">
    <skipped/>
  </testcase> <!-- Get_Boards -->
  <system-out/>
</testsuite> <!-- API.class_03 -->
