<?xml version="1.0" encoding="UTF-8"?>
<!-- Generated by org.testng.reporters.JUnitReportReporter -->
<testsuite hostname="LAPTOP-HO82ILSL" failures="0" tests="2" name="API.Class_04" time="1.900" errors="0" timestamp="2023-01-04T10:19:15 IST" skipped="1">
  <testcase classname="API.Class_04" name="put_user" time="1.900"/>
  <system-out/>
  <testcase classname="API.Class_04" name="users">
    <skipped/>
  </testcase> <!-- users -->
  <system-out/>
</testsuite> <!-- API.Class_04 -->
